2025-06-12 23:45:18,928 - INFO - User activity logged: Super Admin, Logged in, , Low Risk
2025-06-12 23:45:18,935 - INFO - User activity logged: super_admin, Accessed Super Administrator Dashboard, , Low Risk
2025-06-12 23:45:20,893 - INFO - User activity logged: super_admin, Accessed User Management, , Low Risk
2025-06-12 23:45:23,114 - INFO - User activity logged: super_admin, Resetting User Password, , Low Risk
2025-06-12 23:45:25,787 - ERROR - User activity logged: super_admin, Resetting a System Admin password, Traceback (most recent call last):
  File "c:\Users\Telmo\OneDrive\Documents\GitHub\FA_SQ_24_25_V1_1\src\models.py", line 130, in reset_system_admin_password
    user = database.return_user(Helper.symmetric_encrypt(username))
           ^^^^^^^^^^^^^^^^^^^^^^^^^^^^^^^^^^^^^^^^^^^^^^^^^^^^^^^^
  File "c:\Users\Telmo\OneDrive\Documents\GitHub\FA_SQ_24_25_V1_1\src\database.py", line 162, in return_user
    stored_bytes = user[3].encode('latin-1')
                   ^^^^^^^^^^^^^^
AttributeError: 'bytes' object has no attribute 'encode'
, High Risk
2025-06-12 23:45:36,686 - INFO - User activity logged: super_admin, Added b'gAAAAABoS0qAIyo5udtNN2UwAntF7koUDST3k8GByUDnujLnqM_XlsRDPxsGGbOinx7ma3ChQJ-WTDcaKXJ-MhD6QekwyNCHFA==', System Administrator, Low Risk
2025-06-12 23:45:39,289 - INFO - User activity logged: super_admin, Viewed users, , Low Risk
2025-06-12 23:45:41,349 - INFO - User activity logged: super_admin, Resetting User Password, , Low Risk
2025-06-12 23:45:43,843 - ERROR - User activity logged: super_admin, Resetting a System Admin password, Traceback (most recent call last):
  File "c:\Users\Telmo\OneDrive\Documents\GitHub\FA_SQ_24_25_V1_1\src\models.py", line 130, in reset_system_admin_password
    user = database.return_user(Helper.symmetric_encrypt(username))
           ^^^^^^^^^^^^^^^^^^^^^^^^^^^^^^^^^^^^^^^^^^^^^^^^^^^^^^^^
  File "c:\Users\Telmo\OneDrive\Documents\GitHub\FA_SQ_24_25_V1_1\src\database.py", line 162, in return_user
    stored_bytes = user[3].encode('latin-1')
                   ^^^^^^^^^^^^^^
AttributeError: 'bytes' object has no attribute 'encode'
, High Risk
2025-06-12 23:45:46,691 - INFO - User activity logged: super_admin, Viewed users, , Low Risk
