2025-06-18 10:30:44,824 - INFO - User activity logged: Super Admin, Logged in, , Low Risk
2025-06-18 10:30:44,837 - INFO - User activity logged: super_admin, Accessed Super Administrator Dashboard, , Low Risk
2025-06-18 10:30:45,695 - INFO - User activity logged: super_admin, Accessed User Management, , Low Risk
2025-06-18 10:30:53,986 - INFO - User activity logged: super_admin, Added b'gAAAAABoUnk9w9gdjHN8wRWPPp0S73JATKBAUnVG9OaqMBHmtLAqCQNED2p01KG26PWfZv5DIJKMmqxliwaIzdmB2lpvQHhfCw==', System Administrator, Low Risk
2025-06-18 10:31:03,977 - INFO - User activity logged: super_admin, Made a backup, backup_2025-06-18_10-31.zip, Low Risk
2025-06-18 10:31:06,478 - INFO - User activity logged: super_admin, Generating one use restore code, , Low Risk
2025-06-18 10:32:12,894 - INFO - User activity logged: super_admin, Adding scooter, , Low Risk
2025-06-18 10:32:58,794 - INFO - User activity logged: super_admin, Adding traveler, , Low Risk
2025-06-18 10:33:46,119 - INFO - User activity logged: super_admin, Viewing logs, , Low Risk
2025-06-18 10:34:05,481 - INFO - User activity logged: telmoclaro, Logged in, , Low Risk
2025-06-18 10:34:05,487 - INFO - User activity logged: telmoclaro, Accessed System Administrator Dashboard, , Low Risk
2025-06-18 10:34:06,759 - INFO - User activity logged: telmoclaro, Accessed Account Features, , Low Risk
2025-06-18 10:34:12,842 - INFO - User activity logged: telmoclaro, Accessed User Management, , Low Risk
2025-06-18 10:34:25,279 - INFO - User activity logged: telmoclaro, Added b'gAAAAABoUnoRndpD-QnOoqpETlMKdN3d4h4vAFU6HeoX-BGj81b2eVDZnumgRc42epkT-1VfE3D7Lec2OD1bgmTt2bAULo1o-Q==', Service Engineer, Low Risk
2025-06-18 10:34:29,342 - INFO - User activity logged: telmoclaro, Viewed users, , Low Risk
2025-06-18 10:34:41,616 - INFO - User activity logged: elisedang, Logged in, , Low Risk
2025-06-18 10:34:47,777 - INFO - User activity logged: telmoclaro, Logged in, , Low Risk
2025-06-18 10:34:47,784 - INFO - User activity logged: telmoclaro, Accessed System Administrator Dashboard, , Low Risk
2025-06-18 10:34:50,098 - INFO - User activity logged: telmoclaro, Accessed User Management, , Low Risk
2025-06-18 10:42:09,764 - INFO - User activity logged: telmoclaro, Logged in, , Low Risk
2025-06-18 10:42:09,770 - INFO - User activity logged: telmoclaro, Accessed System Administrator Dashboard, , Low Risk
2025-06-18 10:42:13,720 - INFO - User activity logged: telmoclaro, Accessed Backup Management, , Low Risk
2025-06-18 10:42:15,469 - ERROR - User activity logged: telmoclaro, An unexpected error occurred in Backup Management, Traceback (most recent call last):
  File "c:\Users\Telmo\OneDrive\Documents\GitHub\FA_SQ_24_25_V1_1\src\user_interface.py", line 504, in backup_management_system_admin
    print("System backup restored successfully!")
    ^^^^^^^^^^^^^^^^^^^^^^^^^^^^^^^^^^^^
AttributeError: 'User' object has no attribute 'restore_system_backup_with_code'
, High Risk
2025-06-18 10:42:16,787 - INFO - User activity logged: telmoclaro, Accessed System Administrator Dashboard, , Low Risk
